<?xml version="1.0" encoding="UTF-8"?>
<testng-results ignored="0" total="1" passed="1" failed="0" skipped="0">
  <reporter-output>
  </reporter-output>
  <suite started-at="2023-07-31T11:20:10 IST" name="Suite" finished-at="2023-07-31T11:20:21 IST" duration-ms="11451">
    <groups>
    </groups>
    <test started-at="2023-07-31T11:20:10 IST" name="Test" finished-at="2023-07-31T11:20:21 IST" duration-ms="11451">
      <class name="Basepkg.wappalyzer">
        <test-method is-config="true" signature="ptesting()[pri:0, instance:Basepkg.wappalyzer@6221a451]" started-at="2023-07-31T11:20:10 IST" name="ptesting" finished-at="2023-07-31T11:20:15 IST" duration-ms="5622" status="PASS">
          <reporter-output>
          </reporter-output>
        </test-method> <!-- ptesting -->
        <test-method signature="menu()[pri:0, instance:Basepkg.wappalyzer@6221a451]" started-at="2023-07-31T11:20:15 IST" name="menu" finished-at="2023-07-31T11:20:21 IST" duration-ms="5799" status="PASS">
          <reporter-output>
          </reporter-output>
        </test-method> <!-- menu -->
      </class> <!-- Basepkg.wappalyzer -->
    </test> <!-- Test -->
  </suite> <!-- Suite -->
</testng-results>
